Slug: No page with slug `richtexteditor-styles-and-templates`
 in /richtexteditor/RichTextEditor.html. Consider fixing the slug or use normal link.

Slug: No page with slug `pdfprocessing-how-to-comply-with-pdfa-standard`
 in /wordsprocessing/formats-and-conversion/pdf/docx-using-pdfformatprovider.html. Consider fixing the slug or use normal link.

Slug: No page with slug `richtexteditor-styles-and-templates`
 in /richtexteditor/richtexteditor-getting-started.html. Consider fixing the slug or use normal link.

Slug: No page with slug `pdfprocessing-how-to-comply-with-pdfa-standard`
 in /pdfprocessing/formats-and-conversion/pdf/settings.html. Consider fixing the slug or use normal link.

Slug: No page with slug `richtexteditor-styles-and-templates`
 in /richtexteditor/RichTextEditor.html. Consider fixing the slug or use normal link.

Slug: No page with slug `pdfprocessing-how-to-comply-with-pdfa-standard`
 in /wordsprocessing/formats-and-conversion/pdf/docx-using-pdfformatprovider.html. Consider fixing the slug or use normal link.

Slug: No page with slug `richtexteditor-styles-and-templates`
 in /richtexteditor/richtexteditor-getting-started.html. Consider fixing the slug or use normal link.

Slug: No page with slug `pdfprocessing-how-to-comply-with-pdfa-standard`
 in /pdfprocessing/formats-and-conversion/pdf/settings.html. Consider fixing the slug or use normal link.

Slug: No page with slug `richtexteditor-styles-and-templates`
 in /richtexteditor/RichTextEditor.html. Consider fixing the slug or use normal link.

Slug: No page with slug `pdfprocessing-how-to-comply-with-pdfa-standard`
 in /wordsprocessing/formats-and-conversion/pdf/docx-using-pdfformatprovider.html. Consider fixing the slug or use normal link.

Slug: No page with slug `richtexteditor-styles-and-templates`
 in /richtexteditor/richtexteditor-getting-started.html. Consider fixing the slug or use normal link.

Slug: No page with slug `pdfprocessing-how-to-comply-with-pdfa-standard`
 in /pdfprocessing/formats-and-conversion/pdf/settings.html. Consider fixing the slug or use normal link.

Slug: No page with slug `richtexteditor-styles-and-templates`
 in /richtexteditor/RichTextEditor.html. Consider fixing the slug or use normal link.

Slug: No page with slug `pdfprocessing-how-to-comply-with-pdfa-standard`
 in /wordsprocessing/formats-and-conversion/pdf/docx-using-pdfformatprovider.html. Consider fixing the slug or use normal link.

Slug: No page with slug `richtexteditor-styles-and-templates`
 in /richtexteditor/richtexteditor-getting-started.html. Consider fixing the slug or use normal link.

Slug: No page with slug `pdfprocessing-how-to-comply-with-pdfa-standard`
 in /pdfprocessing/formats-and-conversion/pdf/settings.html. Consider fixing the slug or use normal link.

Slug: No page with slug `richtexteditor-styles-and-templates`
 in /richtexteditor/RichTextEditor.html. Consider fixing the slug or use normal link.

Slug: No page with slug `pdfprocessing-how-to-comply-with-pdfa-standard`
 in /wordsprocessing/formats-and-conversion/pdf/docx-using-pdfformatprovider.html. Consider fixing the slug or use normal link.

Slug: No page with slug `richtexteditor-styles-and-templates`
 in /richtexteditor/richtexteditor-getting-started.html. Consider fixing the slug or use normal link.

Slug: No page with slug `pdfprocessing-how-to-comply-with-pdfa-standard`
 in /pdfprocessing/formats-and-conversion/pdf/settings.html. Consider fixing the slug or use normal link.

Slug: No page with slug `richtexteditor-styles-and-templates`
 in /richtexteditor/RichTextEditor.html. Consider fixing the slug or use normal link.

Slug: No page with slug `pdfprocessing-how-to-comply-with-pdfa-standard`
 in /wordsprocessing/formats-and-conversion/pdf/docx-using-pdfformatprovider.html. Consider fixing the slug or use normal link.

Slug: No page with slug `richtexteditor-styles-and-templates`
 in /richtexteditor/richtexteditor-getting-started.html. Consider fixing the slug or use normal link.

Slug: No page with slug `pdfprocessing-how-to-comply-with-pdfa-standard`
 in /pdfprocessing/formats-and-conversion/pdf/settings.html. Consider fixing the slug or use normal link.

Slug: No page with slug `installation-deployment-and-distribution-add-remove-radcontrols-to-the-global-assembly-cache-(gac)`
 in /installation,-deployment-and-distribution/adding-radcontrols-to-visual-studio-toolbox.html. Consider fixing the slug or use normal link.

Slug: No page with slug `winforms/richtexteditor-/styles-and-templates`
 in /richtexteditor/getting-started.html. Consider fixing the slug or use normal link.

Slug: No page with slug `licensing-license-agreement`
 in /installation,-deployment-and-distribution/redistributing-telerik-ui-for-winforms.html. Consider fixing the slug or use normal link.

Slug: No page with slug `winforms/richtexteditor-/styles-and-templates`
 in /richtexteditor/richtexteditor.html. Consider fixing the slug or use normal link.

Slug: No page with slug `winforms/installation,-deployment-and-distribution/adding-radcontrols-to-visual-studio-toolbox`
 in /themes/using-default-themes-.html. Consider fixing the slug or use normal link.

Slug: No page with slug `installation-deployment-and-distribution-add-remove-radcontrols-to-the-global-assembly-cache-(gac)`
 in /installation,-deployment-and-distribution/adding-radcontrols-to-visual-studio-toolbox.html. Consider fixing the slug or use normal link.

Slug: No page with slug `winforms/richtexteditor-/styles-and-templates`
 in /richtexteditor/getting-started.html. Consider fixing the slug or use normal link.

Slug: No page with slug `licensing-license-agreement`
 in /installation,-deployment-and-distribution/redistributing-telerik-ui-for-winforms.html. Consider fixing the slug or use normal link.

Slug: No page with slug `winforms/richtexteditor-/styles-and-templates`
 in /richtexteditor/richtexteditor.html. Consider fixing the slug or use normal link.

Slug: No page with slug `winforms/installation,-deployment-and-distribution/adding-radcontrols-to-visual-studio-toolbox`
 in /themes/using-default-themes-.html. Consider fixing the slug or use normal link.

Slug: No page with slug `installation-deployment-and-distribution-add-remove-radcontrols-to-the-global-assembly-cache-(gac)`
 in /installation,-deployment-and-distribution/adding-radcontrols-to-visual-studio-toolbox.html. Consider fixing the slug or use normal link.

Slug: No page with slug `winforms/richtexteditor-/styles-and-templates`
 in /richtexteditor/getting-started.html. Consider fixing the slug or use normal link.

Slug: No page with slug `licensing-license-agreement`
 in /installation,-deployment-and-distribution/redistributing-telerik-ui-for-winforms.html. Consider fixing the slug or use normal link.

Slug: No page with slug `winforms/richtexteditor-/styles-and-templates`
 in /richtexteditor/richtexteditor.html. Consider fixing the slug or use normal link.

Slug: No page with slug `winforms/installation,-deployment-and-distribution/adding-radcontrols-to-visual-studio-toolbox`
 in /themes/using-default-themes-.html. Consider fixing the slug or use normal link.

Slug: No page with slug `installation-deployment-and-distribution-add-remove-radcontrols-to-the-global-assembly-cache-(gac)`
 in /installation,-deployment-and-distribution/adding-radcontrols-to-visual-studio-toolbox.html. Consider fixing the slug or use normal link.

Slug: No page with slug `winforms/richtexteditor-/styles-and-templates`
 in /richtexteditor/getting-started.html. Consider fixing the slug or use normal link.

Slug: No page with slug `licensing-license-agreement`
 in /installation,-deployment-and-distribution/redistributing-telerik-ui-for-winforms.html. Consider fixing the slug or use normal link.

Slug: No page with slug `winforms/richtexteditor-/styles-and-templates`
 in /richtexteditor/richtexteditor.html. Consider fixing the slug or use normal link.

Slug: No page with slug `winforms/installation,-deployment-and-distribution/adding-radcontrols-to-visual-studio-toolbox`
 in /themes/using-default-themes-.html. Consider fixing the slug or use normal link.

Slug: No page with slug `installation-deployment-and-distribution-add-remove-radcontrols-to-the-global-assembly-cache-(gac)`
 in /installation,-deployment-and-distribution/adding-radcontrols-to-visual-studio-toolbox.html. Consider fixing the slug or use normal link.

Slug: No page with slug `winforms/richtexteditor-/styles-and-templates`
 in /richtexteditor/getting-started.html. Consider fixing the slug or use normal link.

Slug: No page with slug `licensing-license-agreement`
 in /installation,-deployment-and-distribution/redistributing-telerik-ui-for-winforms.html. Consider fixing the slug or use normal link.

Slug: No page with slug `winforms/richtexteditor-/styles-and-templates`
 in /richtexteditor/richtexteditor.html. Consider fixing the slug or use normal link.

Slug: No page with slug `winforms/installation,-deployment-and-distribution/adding-radcontrols-to-visual-studio-toolbox`
 in /themes/using-default-themes-.html. Consider fixing the slug or use normal link.

Slug: No page with slug `installation-deployment-and-distribution-add-remove-radcontrols-to-the-global-assembly-cache-(gac)`
 in /installation,-deployment-and-distribution/adding-radcontrols-to-visual-studio-toolbox.html. Consider fixing the slug or use normal link.

Slug: No page with slug `winforms/richtexteditor-/styles-and-templates`
 in /richtexteditor/getting-started.html. Consider fixing the slug or use normal link.

Slug: No page with slug `licensing-license-agreement`
 in /installation,-deployment-and-distribution/redistributing-telerik-ui-for-winforms.html. Consider fixing the slug or use normal link.

Slug: No page with slug `winforms/richtexteditor-/styles-and-templates`
 in /richtexteditor/richtexteditor.html. Consider fixing the slug or use normal link.

Slug: No page with slug `winforms/installation,-deployment-and-distribution/adding-radcontrols-to-visual-studio-toolbox`
 in /themes/using-default-themes-.html. Consider fixing the slug or use normal link.

Slug: No page with slug `installation-deployment-and-distribution-add-remove-radcontrols-to-the-global-assembly-cache-(gac)`
 in /installation,-deployment-and-distribution/adding-radcontrols-to-visual-studio-toolbox.html. Consider fixing the slug or use normal link.

Slug: No page with slug `winforms/richtexteditor-/styles-and-templates`
 in /richtexteditor/getting-started.html. Consider fixing the slug or use normal link.

Slug: No page with slug `licensing-license-agreement`
 in /installation,-deployment-and-distribution/redistributing-telerik-ui-for-winforms.html. Consider fixing the slug or use normal link.

Slug: No page with slug `winforms/richtexteditor-/styles-and-templates`
 in /richtexteditor/richtexteditor.html. Consider fixing the slug or use normal link.

Slug: No page with slug `winforms/installation,-deployment-and-distribution/application-deploymentadd-remove-radcontrols-to-the-global-assembly-cache-(gac)`
 in /installation,-deployment-and-distribution/adding-radcontrols-to-visual-studio-toolbox.html. Consider fixing the slug or use normal link.

Slug: No page with slug `winforms/richtexteditor-/styles-and-templates`
 in /richtexteditor/getting-started.html. Consider fixing the slug or use normal link.

Slug: No page with slug `licensing-license-agreement`
 in /installation,-deployment-and-distribution/redistributing-telerik-ui-for-winforms.html. Consider fixing the slug or use normal link.

Slug: No page with slug `winforms/richtexteditor-/styles-and-templates`
 in /richtexteditor/richtexteditor.html. Consider fixing the slug or use normal link.

Slug: No page with slug `winforms/richtexteditor-/styles-and-templates`
 in /richtexteditor/getting-started.html. Consider fixing the slug or use normal link.

Slug: No page with slug `licensing-license-agreement`
 in /installation,-deployment-and-distribution/redistributing-telerik-ui-for-winforms.html. Consider fixing the slug or use normal link.

Slug: No page with slug `winforms/richtexteditor-/styles-and-templates`
 in /richtexteditor/richtexteditor.html. Consider fixing the slug or use normal link.

Slug: No page with slug `winforms/richtexteditor-/styles-and-templates`
 in /richtexteditor/getting-started.html. Consider fixing the slug or use normal link.

Slug: No page with slug `licensing-license-agreement`
 in /installation,-deployment-and-distribution/redistributing-telerik-ui-for-winforms.html. Consider fixing the slug or use normal link.

Slug: No page with slug `winforms/richtexteditor-/styles-and-templates`
 in /richtexteditor/richtexteditor.html. Consider fixing the slug or use normal link.

Slug: No page with slug `winforms/richtexteditor-/styles-and-templates`
 in /richtexteditor/getting-started.html. Consider fixing the slug or use normal link.

Slug: No page with slug `licensing-license-agreement`
 in /installation,-deployment-and-distribution/redistributing-telerik-ui-for-winforms.html. Consider fixing the slug or use normal link.

Slug: No page with slug `winforms/richtexteditor-/styles-and-templates`
 in /richtexteditor/richtexteditor.html. Consider fixing the slug or use normal link.

Slug: No page with slug `winforms/richtexteditor-/styles-and-templates`
 in /richtexteditor/getting-started.html. Consider fixing the slug or use normal link.

Slug: No page with slug `licensing-license-agreement`
 in /installation,-deployment-and-distribution/redistributing-telerik-ui-for-winforms.html. Consider fixing the slug or use normal link.

Slug: No page with slug `winforms/richtexteditor-/styles-and-templates`
 in /richtexteditor/richtexteditor.html. Consider fixing the slug or use normal link.

Slug: No page with slug `winforms/richtexteditor-/styles-and-templates`
 in /richtexteditor/getting-started.html. Consider fixing the slug or use normal link.

Slug: No page with slug `licensing-license-agreement`
 in /installation,-deployment-and-distribution/redistributing-telerik-ui-for-winforms.html. Consider fixing the slug or use normal link.

Slug: No page with slug `winforms/richtexteditor-/styles-and-templates`
 in /richtexteditor/richtexteditor.html. Consider fixing the slug or use normal link.

Slug: No page with slug `winforms/richtexteditor-/styles-and-templates`
 in /richtexteditor/getting-started.html. Consider fixing the slug or use normal link.

Slug: No page with slug `licensing-license-agreement`
 in /installation,-deployment-and-distribution/redistributing-telerik-ui-for-winforms.html. Consider fixing the slug or use normal link.

Slug: No page with slug `winforms/richtexteditor-/styles-and-templates`
 in /richtexteditor/richtexteditor.html. Consider fixing the slug or use normal link.

Slug: No page with slug `winforms/richtexteditor-/styles-and-templates`
 in /richtexteditor/getting-started.html. Consider fixing the slug or use normal link.

Slug: No page with slug `licensing-license-agreement`
 in /installation,-deployment-and-distribution/redistributing-telerik-ui-for-winforms.html. Consider fixing the slug or use normal link.

Slug: No page with slug `winforms/richtexteditor-/styles-and-templates`
 in /richtexteditor/richtexteditor.html. Consider fixing the slug or use normal link.

Slug: No page with slug `winforms/richtexteditor-/styles-and-templates`
 in /richtexteditor/getting-started.html. Consider fixing the slug or use normal link.

Slug: No page with slug `licensing-license-agreement`
 in /installation,-deployment-and-distribution/redistributing-telerik-ui-for-winforms.html. Consider fixing the slug or use normal link.

Slug: No page with slug `winforms/richtexteditor-/styles-and-templates`
 in /richtexteditor/richtexteditor.html. Consider fixing the slug or use normal link.

Slug: No page with slug `winforms/richtexteditor-/styles-and-templates`
 in /richtexteditor/getting-started/getting-started.html. Consider fixing the slug or use normal link.

Slug: No page with slug `licensing-license-agreement`
 in /installation,-deployment-and-distribution/redistributing-telerik-ui-for-winforms.html. Consider fixing the slug or use normal link.

Slug: No page with slug `winforms/richtexteditor-/styles-and-templates`
 in /richtexteditor/richtexteditor.html. Consider fixing the slug or use normal link.

Slug: No page with slug `winforms/richtexteditor-/styles-and-templates`
 in /richtexteditor/Overview.html. Consider fixing the slug or use normal link.

Slug: No page with slug `winforms/richtexteditor-/styles-and-templates`
 in /richtexteditor/getting-started/getting-started.html. Consider fixing the slug or use normal link.

Slug: No page with slug `licensing-license-agreement`
 in /installation,-deployment-and-distribution/redistributing-telerik-ui-for-winforms.html. Consider fixing the slug or use normal link.

Slug: No page with slug `winforms/richtexteditor-/styles-and-templates`
 in /richtexteditor/Overview.html. Consider fixing the slug or use normal link.

Slug: No page with slug `winforms/richtexteditor-/styles-and-templates`
 in /richtexteditor/getting-started/getting-started.html. Consider fixing the slug or use normal link.

Slug: No page with slug `licensing-license-agreement`
 in /installation,-deployment-and-distribution/redistributing-telerik-ui-for-winforms.html. Consider fixing the slug or use normal link.

Slug: No page with slug `winforms/richtexteditor-/styles-and-templates`
 in /richtexteditor/Overview.html. Consider fixing the slug or use normal link.

Slug: No page with slug `winforms/richtexteditor-/styles-and-templates`
 in /richtexteditor/getting-started/getting-started.html. Consider fixing the slug or use normal link.

Slug: No page with slug `licensing-license-agreement`
 in /installation,-deployment-and-distribution/redistributing-telerik-ui-for-winforms.html. Consider fixing the slug or use normal link.

Slug: No page with slug `winforms/richtexteditor-/styles-and-templates`
 in /richtexteditor/Overview.html. Consider fixing the slug or use normal link.

Slug: No page with slug `winforms/richtexteditor-/styles-and-templates`
 in /richtexteditor/getting-started/getting-started.html. Consider fixing the slug or use normal link.

Slug: No page with slug `licensing-license-agreement`
 in /installation,-deployment-and-distribution/redistributing-telerik-ui-for-winforms.html. Consider fixing the slug or use normal link.

Slug: No page with slug `winforms/richtexteditor-/styles-and-templates`
 in /richtexteditor/Overview.html. Consider fixing the slug or use normal link.

Slug: No page with slug `winforms/richtexteditor-/styles-and-templates`
 in /richtexteditor/getting-started/getting-started.html. Consider fixing the slug or use normal link.

Slug: No page with slug `licensing-license-agreement`
 in /installation,-deployment-and-distribution/redistributing-telerik-ui-for-winforms.html. Consider fixing the slug or use normal link.

Slug: No page with slug `winforms/richtexteditor-/styles-and-templates`
 in /richtexteditor/Overview.html. Consider fixing the slug or use normal link.

Slug: No page with slug `winforms/richtexteditor-/styles-and-templates`
 in /richtexteditor/getting-started/getting-started.html. Consider fixing the slug or use normal link.

Slug: No page with slug `licensing-license-agreement`
 in /installation,-deployment-and-distribution/redistributing-telerik-ui-for-winforms.html. Consider fixing the slug or use normal link.

Slug: No page with slug `winforms/richtexteditor-/styles-and-templates`
 in /richtexteditor/Overview.html. Consider fixing the slug or use normal link.

Slug: No page with slug `winforms/richtexteditor-/styles-and-templates`
 in /richtexteditor/getting-started/getting-started.html. Consider fixing the slug or use normal link.

Slug: No page with slug `licensing-license-agreement`
 in /installation,-deployment-and-distribution/redistributing-telerik-ui-for-winforms.html. Consider fixing the slug or use normal link.

Slug: No page with slug `winforms/richtexteditor-/styles-and-templates`
 in /richtexteditor/Overview.html. Consider fixing the slug or use normal link.

Slug: No page with slug `winforms/richtexteditor-/styles-and-templates`
 in /richtexteditor/getting-started/getting-started.html. Consider fixing the slug or use normal link.

Slug: No page with slug `licensing-license-agreement`
 in /installation,-deployment-and-distribution/redistributing-telerik-ui-for-winforms.html. Consider fixing the slug or use normal link.

Slug: No page with slug `winforms/richtexteditor-/styles-and-templates`
 in /richtexteditor/Overview.html. Consider fixing the slug or use normal link.

Slug: No page with slug `winforms/richtexteditor-/styles-and-templates`
 in /richtexteditor/getting-started/getting-started.html. Consider fixing the slug or use normal link.

Slug: No page with slug `licensing-license-agreement`
 in /installation,-deployment-and-distribution/redistributing-telerik-ui-for-winforms.html. Consider fixing the slug or use normal link.

Slug: No page with slug `winforms/richtexteditor-/styles-and-templates`
 in /richtexteditor/Overview.html. Consider fixing the slug or use normal link.

Slug: No page with slug `winforms/richtexteditor-/styles-and-templates`
 in /richtexteditor/getting-started/getting-started.html. Consider fixing the slug or use normal link.

Slug: No page with slug `licensing-license-agreement`
 in /installation,-deployment-and-distribution/redistributing-telerik-ui-for-winforms.html. Consider fixing the slug or use normal link.

Slug: No page with slug `winforms/richtexteditor-/styles-and-templates`
 in /richtexteditor/Overview.html. Consider fixing the slug or use normal link.

Slug: No page with slug `winforms/richtexteditor-/styles-and-templates`
 in /richtexteditor/getting-started/getting-started.html. Consider fixing the slug or use normal link.

Slug: No page with slug `licensing-license-agreement`
 in /installation,-deployment-and-distribution/redistributing-telerik-ui-for-winforms.html. Consider fixing the slug or use normal link.

Slug: No page with slug `winforms/richtexteditor-/styles-and-templates`
 in /richtexteditor/Overview.html. Consider fixing the slug or use normal link.

Slug: No page with slug `winforms/richtexteditor-/styles-and-templates`
 in /richtexteditor/getting-started/getting-started.html. Consider fixing the slug or use normal link.

Slug: No page with slug `licensing-license-agreement`
 in /installation,-deployment-and-distribution/redistributing-telerik-ui-for-winforms.html. Consider fixing the slug or use normal link.

Slug: No page with slug `winforms/richtexteditor-/styles-and-templates`
 in /richtexteditor/getting-started/getting-started.html. Consider fixing the slug or use normal link.

Slug: No page with slug `winforms/richtexteditor-/styles-and-templates`
 in /richtexteditor/overview.html. Consider fixing the slug or use normal link.

Slug: No page with slug `licensing-license-agreement`
 in /installation,-deployment-and-distribution/redistributing-telerik-ui-for-winforms.html. Consider fixing the slug or use normal link.

Slug: No page with slug `winforms/richtexteditor-/styles-and-templates`
 in /richtexteditor/getting-started/getting-started.html. Consider fixing the slug or use normal link.

Slug: No page with slug `winforms/richtexteditor-/styles-and-templates`
 in /richtexteditor/overview.html. Consider fixing the slug or use normal link.

Slug: No page with slug `licensing-license-agreement`
 in /installation,-deployment-and-distribution/redistributing-telerik-ui-for-winforms.html. Consider fixing the slug or use normal link.

Slug: No page with slug `winforms/richtexteditor-/styles-and-templates`
 in /richtexteditor/getting-started/getting-started.html. Consider fixing the slug or use normal link.

Slug: No page with slug `winforms/richtexteditor-/styles-and-templates`
 in /richtexteditor/overview.html. Consider fixing the slug or use normal link.

Slug: No page with slug `licensing-license-agreement`
 in /installation,-deployment-and-distribution/redistributing-telerik-ui-for-winforms.html. Consider fixing the slug or use normal link.

Slug: No page with slug `winforms/richtexteditor-/styles-and-templates`
 in /richtexteditor/getting-started/getting-started.html. Consider fixing the slug or use normal link.

Slug: No page with slug `winforms/richtexteditor-/styles-and-templates`
 in /richtexteditor/overview.html. Consider fixing the slug or use normal link.

Slug: No page with slug `licensing-license-agreement`
 in /installation,-deployment-and-distribution/redistributing-telerik-ui-for-winforms.html. Consider fixing the slug or use normal link.

Slug: No page with slug `winforms/richtexteditor-/features/styles`
 in /richtexteditor/ui-for-applying-rich-text-formatting/applying-styles.html. Consider fixing the slug or use normal link.

Slug: No page with slug `winforms/richtexteditor-/features/styles`
 in /richtexteditor/ui-for-applying-rich-text-formatting/applying-styles.html. Consider fixing the slug or use normal link.

Slug: No page with slug `winforms/richtexteditor-/styles-and-templates`
 in /richtexteditor/getting-started/getting-started.html. Consider fixing the slug or use normal link.

Slug: No page with slug `winforms/richtexteditor-/styles-and-templates`
 in /richtexteditor/overview.html. Consider fixing the slug or use normal link.

Slug: No page with slug `licensing-license-agreement`
 in /installation,-deployment-and-distribution/redistributing-telerik-ui-for-winforms.html. Consider fixing the slug or use normal link.

Slug: No page with slug `winforms/richtexteditor-/features/styles`
 in /richtexteditor/ui-for-applying-rich-text-formatting/table-styles-gallery.html. Consider fixing the slug or use normal link.

Slug: No page with slug `winforms/richtexteditor-/features/styles`
 in /richtexteditor/ui-for-applying-rich-text-formatting/applying-styles.html. Consider fixing the slug or use normal link.

Slug: No page with slug `winforms/richtexteditor-/features/styles`
 in /richtexteditor/ui-for-applying-rich-text-formatting/applying-styles.html. Consider fixing the slug or use normal link.

Slug: No page with slug `winforms/richtexteditor-/styles-and-templates`
 in /richtexteditor/getting-started/getting-started.html. Consider fixing the slug or use normal link.

Slug: No page with slug `winforms/richtexteditor-/styles-and-templates`
 in /richtexteditor/overview.html. Consider fixing the slug or use normal link.

Slug: No page with slug `licensing-license-agreement`
 in /installation,-deployment-and-distribution/redistributing-telerik-ui-for-winforms.html. Consider fixing the slug or use normal link.

Slug: No page with slug `winforms/richtexteditor-/features/styles`
 in /richtexteditor/ui-for-applying-rich-text-formatting/table-styles-gallery.html. Consider fixing the slug or use normal link.

Slug: No page with slug `winforms/richtexteditor-/features/styles`
 in /richtexteditor/ui-for-applying-rich-text-formatting/applying-styles.html. Consider fixing the slug or use normal link.

Slug: No page with slug `winforms/richtexteditor-/features/styles`
 in /richtexteditor/ui-for-applying-rich-text-formatting/applying-styles.html. Consider fixing the slug or use normal link.

Slug: No page with slug `winforms/richtexteditor-/styles-and-templates`
 in /richtexteditor/getting-started/getting-started.html. Consider fixing the slug or use normal link.

Slug: No page with slug `winforms/richtexteditor-/styles-and-templates`
 in /richtexteditor/overview.html. Consider fixing the slug or use normal link.

Slug: No page with slug `licensing-license-agreement`
 in /installation,-deployment-and-distribution/redistributing-telerik-ui-for-winforms.html. Consider fixing the slug or use normal link.

Slug: No page with slug `winforms/richtexteditor-/features/styles`
 in /richtexteditor/ui-for-applying-rich-text-formatting/table-styles-gallery.html. Consider fixing the slug or use normal link.

Slug: No page with slug `winforms/richtexteditor-/features/styles`
 in /richtexteditor/ui-for-applying-rich-text-formatting/applying-styles.html. Consider fixing the slug or use normal link.

Slug: No page with slug `winforms/richtexteditor-/features/styles`
 in /richtexteditor/ui-for-applying-rich-text-formatting/applying-styles.html. Consider fixing the slug or use normal link.

Slug: No page with slug `winforms/richtexteditor-/styles-and-templates`
 in /richtexteditor/getting-started/getting-started.html. Consider fixing the slug or use normal link.

Slug: No page with slug `winforms/richtexteditor-/styles-and-templates`
 in /richtexteditor/overview.html. Consider fixing the slug or use normal link.

Slug: No page with slug `licensing-license-agreement`
 in /installation,-deployment-and-distribution/redistributing-telerik-ui-for-winforms.html. Consider fixing the slug or use normal link.

Slug: No page with slug `winforms/richtexteditor-/features/styles`
 in /richtexteditor/ui-for-applying-rich-text-formatting/table-styles-gallery.html. Consider fixing the slug or use normal link.

Slug: No page with slug `winforms/richtexteditor-/features/styles`
 in /richtexteditor/ui-for-applying-rich-text-formatting/applying-styles.html. Consider fixing the slug or use normal link.

Slug: No page with slug `winforms/richtexteditor-/features/styles`
 in /richtexteditor/ui-for-applying-rich-text-formatting/applying-styles.html. Consider fixing the slug or use normal link.

Slug: No page with slug `winforms/richtexteditor-/styles-and-templates`
 in /richtexteditor/getting-started/getting-started.html. Consider fixing the slug or use normal link.

Slug: No page with slug `winforms/richtexteditor-/styles-and-templates`
 in /richtexteditor/overview.html. Consider fixing the slug or use normal link.

Slug: No page with slug `licensing-license-agreement`
 in /installation,-deployment-and-distribution/redistributing-telerik-ui-for-winforms.html. Consider fixing the slug or use normal link.

Slug: No page with slug `winforms/richtexteditor-/features/styles`
 in /richtexteditor/ui-for-applying-rich-text-formatting/table-styles-gallery.html. Consider fixing the slug or use normal link.

Slug: No page with slug `winforms/richtexteditor-/features/styles`
 in /richtexteditor/ui-for-applying-rich-text-formatting/applying-styles.html. Consider fixing the slug or use normal link.

Slug: No page with slug `winforms/richtexteditor-/features/styles`
 in /richtexteditor/ui-for-applying-rich-text-formatting/applying-styles.html. Consider fixing the slug or use normal link.

Slug: No page with slug `buttons-checkbox-handling-radcheckbox-states`
 in /buttons/checkbox/checkbox-overview.html. Consider fixing the slug or use normal link.

Slug: No page with slug `buttons-checkbox-radcheckbox-databinding`
 in /buttons/checkbox/checkbox-overview.html. Consider fixing the slug or use normal link.

Slug: No page with slug `buttons-dropdownbutton-working-with-raddropdownbutton-items`
 in /buttons/dropdownbutton/dropdownbutton-overview.html. Consider fixing the slug or use normal link.

Slug: No page with slug `winforms/richtexteditor-/styles-and-templates`
 in /richtexteditor/getting-started/getting-started.html. Consider fixing the slug or use normal link.

Slug: No page with slug `winforms/richtexteditor-/styles-and-templates`
 in /richtexteditor/overview.html. Consider fixing the slug or use normal link.

Slug: No page with slug `buttons-radiobutton-getting-started`
 in /buttons/radiobutton/radiobutton-overview.html. Consider fixing the slug or use normal link.

Slug: No page with slug `buttons-radiobutton-designing-radradiobutton`
 in /buttons/radiobutton/radiobutton-overview.html. Consider fixing the slug or use normal link.

Slug: No page with slug `buttons-radiobutton-handling-radradiobutton-states`
 in /buttons/radiobutton/radiobutton-overview.html. Consider fixing the slug or use normal link.

Slug: No page with slug `licensing-license-agreement`
 in /installation,-deployment-and-distribution/redistributing-telerik-ui-for-winforms.html. Consider fixing the slug or use normal link.

Slug: No page with slug `buttons-dropdownbutton-working-with-raddropdownbutton-items`
 in /buttons/repeatbutton/repeatbutton-overview.html. Consider fixing the slug or use normal link.

Slug: No page with slug `buttons-splitbutton-working-with-radsplitbutton-items`
 in /buttons/splitbutton/splitbutton-overview.html. Consider fixing the slug or use normal link.

Slug: No page with slug `winforms/richtexteditor-/features/styles`
 in /richtexteditor/ui-for-applying-rich-text-formatting/table-styles-gallery.html. Consider fixing the slug or use normal link.

Slug: No page with slug `buttons-togglebutton-handling-radtogglebutton-states`
 in /buttons/togglebutton/togglebutton-overview.html. Consider fixing the slug or use normal link.

Slug: No page with slug `winforms/richtexteditor-/features/styles`
 in /richtexteditor/ui-for-applying-rich-text-formatting/applying-styles.html. Consider fixing the slug or use normal link.

Slug: No page with slug `winforms/richtexteditor-/features/styles`
 in /richtexteditor/ui-for-applying-rich-text-formatting/applying-styles.html. Consider fixing the slug or use normal link.

Slug: No page with slug `buttons-checkbox-handling-radcheckbox-states`
 in /buttons/checkbox/checkbox-overview.html. Consider fixing the slug or use normal link.

Slug: No page with slug `buttons-checkbox-radcheckbox-databinding`
 in /buttons/checkbox/checkbox-overview.html. Consider fixing the slug or use normal link.

Slug: No page with slug `buttons-dropdownbutton-working-with-raddropdownbutton-items`
 in /buttons/dropdownbutton/dropdownbutton-overview.html. Consider fixing the slug or use normal link.

Slug: No page with slug `winforms/richtexteditor-/styles-and-templates`
 in /richtexteditor/getting-started/getting-started.html. Consider fixing the slug or use normal link.

Slug: No page with slug `winforms/richtexteditor-/features/styles`
 in /richtexteditor/ui-for-applying-rich-text-formatting/applying-styles.html. Consider fixing the slug or use normal link.

Slug: No page with slug `winforms/richtexteditor-/features/styles`
 in /richtexteditor/ui-for-applying-rich-text-formatting/applying-styles.html. Consider fixing the slug or use normal link.

Slug: No page with slug `buttons-checkbox-handling-radcheckbox-states`
 in /buttons/checkbox/checkbox-overview.html. Consider fixing the slug or use normal link.

Slug: No page with slug `buttons-checkbox-radcheckbox-databinding`
 in /buttons/checkbox/checkbox-overview.html. Consider fixing the slug or use normal link.

Slug: No page with slug `buttons-dropdownbutton-working-with-raddropdownbutton-items`
 in /buttons/dropdownbutton/dropdownbutton-overview.html. Consider fixing the slug or use normal link.

Slug: No page with slug `winforms/richtexteditor-/styles-and-templates`
 in /richtexteditor/getting-started/getting-started.html. Consider fixing the slug or use normal link.

Slug: No page with slug `winforms/richtexteditor-/features/styles`
 in /richtexteditor/ui-for-applying-rich-text-formatting/applying-styles.html. Consider fixing the slug or use normal link.

Slug: No page with slug `winforms/richtexteditor-/features/styles`
 in /richtexteditor/ui-for-applying-rich-text-formatting/applying-styles.html. Consider fixing the slug or use normal link.

Slug: No page with slug `buttons-checkbox-handling-radcheckbox-states`
 in /buttons/checkbox/checkbox-overview.html. Consider fixing the slug or use normal link.

Slug: No page with slug `buttons-checkbox-radcheckbox-databinding`
 in /buttons/checkbox/checkbox-overview.html. Consider fixing the slug or use normal link.

Slug: No page with slug `buttons-dropdownbutton-working-with-raddropdownbutton-items`
 in /buttons/dropdownbutton/dropdownbutton-overview.html. Consider fixing the slug or use normal link.

Slug: No page with slug `winforms/richtexteditor-/styles-and-templates`
 in /richtexteditor/getting-started/getting-started.html. Consider fixing the slug or use normal link.

Slug: No page with slug `winforms/richtexteditor-/styles-and-templates`
 in /richtexteditor/overview.html. Consider fixing the slug or use normal link.

Slug: No page with slug `buttons-radiobutton-getting-started`
 in /buttons/radiobutton/radiobutton-overview.html. Consider fixing the slug or use normal link.

Slug: No page with slug `buttons-radiobutton-designing-radradiobutton`
 in /buttons/radiobutton/radiobutton-overview.html. Consider fixing the slug or use normal link.

Slug: No page with slug `buttons-radiobutton-handling-radradiobutton-states`
 in /buttons/radiobutton/radiobutton-overview.html. Consider fixing the slug or use normal link.

Slug: No page with slug `licensing-license-agreement`
 in /installation,-deployment-and-distribution/redistributing-telerik-ui-for-winforms.html. Consider fixing the slug or use normal link.

Slug: No page with slug `buttons-dropdownbutton-working-with-raddropdownbutton-items`
 in /buttons/repeatbutton/repeatbutton-overview.html. Consider fixing the slug or use normal link.

Slug: No page with slug `buttons-splitbutton-working-with-radsplitbutton-items`
 in /buttons/splitbutton/splitbutton-overview.html. Consider fixing the slug or use normal link.

Slug: No page with slug `winforms/richtexteditor-/features/styles`
 in /richtexteditor/ui-for-applying-rich-text-formatting/table-styles-gallery.html. Consider fixing the slug or use normal link.

Slug: No page with slug `buttons-togglebutton-handling-radtogglebutton-states`
 in /buttons/togglebutton/togglebutton-overview.html. Consider fixing the slug or use normal link.

Slug: No page with slug `winforms/richtexteditor-/features/styles`
 in /richtexteditor/ui-for-applying-rich-text-formatting/applying-styles.html. Consider fixing the slug or use normal link.

Slug: No page with slug `winforms/richtexteditor-/features/styles`
 in /richtexteditor/ui-for-applying-rich-text-formatting/applying-styles.html. Consider fixing the slug or use normal link.

Slug: No page with slug `buttons-checkbox-handling-radcheckbox-states`
 in /buttons/checkbox/checkbox-overview.html. Consider fixing the slug or use normal link.

Slug: No page with slug `buttons-checkbox-radcheckbox-databinding`
 in /buttons/checkbox/checkbox-overview.html. Consider fixing the slug or use normal link.

Slug: No page with slug `buttons-dropdownbutton-working-with-raddropdownbutton-items`
 in /buttons/dropdownbutton/dropdownbutton-overview.html. Consider fixing the slug or use normal link.

Slug: No page with slug `winforms/richtexteditor-/styles-and-templates`
 in /richtexteditor/getting-started/getting-started.html. Consider fixing the slug or use normal link.

Slug: No page with slug `winforms/richtexteditor-/styles-and-templates`
 in /richtexteditor/overview.html. Consider fixing the slug or use normal link.

Slug: No page with slug `buttons-radiobutton-getting-started`
 in /buttons/radiobutton/radiobutton-overview.html. Consider fixing the slug or use normal link.

Slug: No page with slug `buttons-radiobutton-designing-radradiobutton`
 in /buttons/radiobutton/radiobutton-overview.html. Consider fixing the slug or use normal link.

Slug: No page with slug `buttons-radiobutton-handling-radradiobutton-states`
 in /buttons/radiobutton/radiobutton-overview.html. Consider fixing the slug or use normal link.

Slug: No page with slug `licensing-license-agreement`
 in /installation,-deployment-and-distribution/redistributing-telerik-ui-for-winforms.html. Consider fixing the slug or use normal link.

Slug: No page with slug `buttons-dropdownbutton-working-with-raddropdownbutton-items`
 in /buttons/repeatbutton/repeatbutton-overview.html. Consider fixing the slug or use normal link.

Slug: No page with slug `buttons-splitbutton-working-with-radsplitbutton-items`
 in /buttons/splitbutton/splitbutton-overview.html. Consider fixing the slug or use normal link.

Slug: No page with slug `winforms/richtexteditor-/features/styles`
 in /richtexteditor/ui-for-applying-rich-text-formatting/table-styles-gallery.html. Consider fixing the slug or use normal link.

Slug: No page with slug `buttons-togglebutton-handling-radtogglebutton-states`
 in /buttons/togglebutton/togglebutton-overview.html. Consider fixing the slug or use normal link.

Slug: No page with slug `winforms/richtexteditor-/features/styles`
 in /richtexteditor/ui-for-applying-rich-text-formatting/applying-styles.html. Consider fixing the slug or use normal link.

Slug: No page with slug `winforms/richtexteditor-/features/styles`
 in /richtexteditor/ui-for-applying-rich-text-formatting/applying-styles.html. Consider fixing the slug or use normal link.

Slug: No page with slug `buttons-checkbox-handling-radcheckbox-states`
 in /buttons/checkbox/checkbox-overview.html. Consider fixing the slug or use normal link.

Slug: No page with slug `buttons-checkbox-radcheckbox-databinding`
 in /buttons/checkbox/checkbox-overview.html. Consider fixing the slug or use normal link.

Slug: No page with slug `buttons-dropdownbutton-working-with-raddropdownbutton-items`
 in /buttons/dropdownbutton/dropdownbutton-overview.html. Consider fixing the slug or use normal link.

Slug: No page with slug `winforms/richtexteditor-/styles-and-templates`
 in /richtexteditor/getting-started/getting-started.html. Consider fixing the slug or use normal link.

Slug: No page with slug `winforms/richtexteditor-/features/styles`
 in /richtexteditor/ui-for-applying-rich-text-formatting/applying-styles.html. Consider fixing the slug or use normal link.

Slug: No page with slug `winforms/richtexteditor-/features/styles`
 in /richtexteditor/ui-for-applying-rich-text-formatting/applying-styles.html. Consider fixing the slug or use normal link.

Slug: No page with slug `buttons-checkbox-handling-radcheckbox-states`
 in /buttons/checkbox/checkbox-overview.html. Consider fixing the slug or use normal link.

Slug: No page with slug `buttons-checkbox-radcheckbox-databinding`
 in /buttons/checkbox/checkbox-overview.html. Consider fixing the slug or use normal link.

Slug: No page with slug `buttons-dropdownbutton-working-with-raddropdownbutton-items`
 in /buttons/dropdownbutton/dropdownbutton-overview.html. Consider fixing the slug or use normal link.

Slug: No page with slug `winforms/richtexteditor-/styles-and-templates`
 in /richtexteditor/getting-started/getting-started.html. Consider fixing the slug or use normal link.

Slug: No page with slug `winforms/richtexteditor-/styles-and-templates`
 in /richtexteditor/overview.html. Consider fixing the slug or use normal link.

Slug: No page with slug `buttons-radiobutton-getting-started`
 in /buttons/radiobutton/radiobutton-overview.html. Consider fixing the slug or use normal link.

Slug: No page with slug `buttons-radiobutton-designing-radradiobutton`
 in /buttons/radiobutton/radiobutton-overview.html. Consider fixing the slug or use normal link.

Slug: No page with slug `buttons-radiobutton-handling-radradiobutton-states`
 in /buttons/radiobutton/radiobutton-overview.html. Consider fixing the slug or use normal link.

Slug: No page with slug `licensing-license-agreement`
 in /installation,-deployment-and-distribution/redistributing-telerik-ui-for-winforms.html. Consider fixing the slug or use normal link.

Slug: No page with slug `buttons-dropdownbutton-working-with-raddropdownbutton-items`
 in /buttons/repeatbutton/repeatbutton-overview.html. Consider fixing the slug or use normal link.

Slug: No page with slug `buttons-splitbutton-working-with-radsplitbutton-items`
 in /buttons/splitbutton/splitbutton-overview.html. Consider fixing the slug or use normal link.

Slug: No page with slug `winforms/richtexteditor-/features/styles`
 in /richtexteditor/ui-for-applying-rich-text-formatting/table-styles-gallery.html. Consider fixing the slug or use normal link.

Slug: No page with slug `buttons-togglebutton-handling-radtogglebutton-states`
 in /buttons/togglebutton/togglebutton-overview.html. Consider fixing the slug or use normal link.

Slug: No page with slug `winforms/richtexteditor-/features/styles`
 in /richtexteditor/ui-for-applying-rich-text-formatting/applying-styles.html. Consider fixing the slug or use normal link.

Slug: No page with slug `winforms/richtexteditor-/features/styles`
 in /richtexteditor/ui-for-applying-rich-text-formatting/applying-styles.html. Consider fixing the slug or use normal link.

Slug: No page with slug `buttons-checkbox-handling-radcheckbox-states`
 in /buttons/checkbox/checkbox-overview.html. Consider fixing the slug or use normal link.

Slug: No page with slug `buttons-checkbox-radcheckbox-databinding`
 in /buttons/checkbox/checkbox-overview.html. Consider fixing the slug or use normal link.

Slug: No page with slug `buttons-dropdownbutton-working-with-raddropdownbutton-items`
 in /buttons/dropdownbutton/dropdownbutton-overview.html. Consider fixing the slug or use normal link.

Slug: No page with slug `winforms/richtexteditor-/styles-and-templates`
 in /richtexteditor/getting-started/getting-started.html. Consider fixing the slug or use normal link.

Slug: No page with slug `winforms/richtexteditor-/styles-and-templates`
 in /richtexteditor/overview.html. Consider fixing the slug or use normal link.

Slug: No page with slug `buttons-radiobutton-getting-started`
 in /buttons/radiobutton/radiobutton-overview.html. Consider fixing the slug or use normal link.

Slug: No page with slug `buttons-radiobutton-designing-radradiobutton`
 in /buttons/radiobutton/radiobutton-overview.html. Consider fixing the slug or use normal link.

Slug: No page with slug `buttons-radiobutton-handling-radradiobutton-states`
 in /buttons/radiobutton/radiobutton-overview.html. Consider fixing the slug or use normal link.

Slug: No page with slug `licensing-license-agreement`
 in /installation,-deployment-and-distribution/redistributing-telerik-ui-for-winforms.html. Consider fixing the slug or use normal link.

Slug: No page with slug `buttons-dropdownbutton-working-with-raddropdownbutton-items`
 in /buttons/repeatbutton/repeatbutton-overview.html. Consider fixing the slug or use normal link.

Slug: No page with slug `buttons-splitbutton-working-with-radsplitbutton-items`
 in /buttons/splitbutton/splitbutton-overview.html. Consider fixing the slug or use normal link.

Slug: No page with slug `winforms/richtexteditor-/features/styles`
 in /richtexteditor/ui-for-applying-rich-text-formatting/table-styles-gallery.html. Consider fixing the slug or use normal link.

Slug: No page with slug `buttons-togglebutton-handling-radtogglebutton-states`
 in /buttons/togglebutton/togglebutton-overview.html. Consider fixing the slug or use normal link.

Slug: No page with slug `winforms/richtexteditor-/features/styles`
 in /richtexteditor/ui-for-applying-rich-text-formatting/applying-styles.html. Consider fixing the slug or use normal link.

Slug: No page with slug `winforms/richtexteditor-/features/styles`
 in /richtexteditor/ui-for-applying-rich-text-formatting/applying-styles.html. Consider fixing the slug or use normal link.

Slug: No page with slug `buttons-checkbox-handling-radcheckbox-states`
 in /buttons/checkbox/checkbox-overview.html. Consider fixing the slug or use normal link.

Slug: No page with slug `buttons-checkbox-radcheckbox-databinding`
 in /buttons/checkbox/checkbox-overview.html. Consider fixing the slug or use normal link.

Slug: No page with slug `buttons-dropdownbutton-working-with-raddropdownbutton-items`
 in /buttons/dropdownbutton/dropdownbutton-overview.html. Consider fixing the slug or use normal link.

Slug: No page with slug `winforms/richtexteditor-/styles-and-templates`
 in /richtexteditor/getting-started/getting-started.html. Consider fixing the slug or use normal link.

Slug: No page with slug `winforms/richtexteditor-/styles-and-templates`
 in /richtexteditor/overview.html. Consider fixing the slug or use normal link.

Slug: No page with slug `buttons-radiobutton-getting-started`
 in /buttons/radiobutton/radiobutton-overview.html. Consider fixing the slug or use normal link.

Slug: No page with slug `buttons-radiobutton-designing-radradiobutton`
 in /buttons/radiobutton/radiobutton-overview.html. Consider fixing the slug or use normal link.

Slug: No page with slug `buttons-radiobutton-handling-radradiobutton-states`
 in /buttons/radiobutton/radiobutton-overview.html. Consider fixing the slug or use normal link.

Slug: No page with slug `licensing-license-agreement`
 in /installation,-deployment-and-distribution/redistributing-telerik-ui-for-winforms.html. Consider fixing the slug or use normal link.

Slug: No page with slug `buttons-dropdownbutton-working-with-raddropdownbutton-items`
 in /buttons/repeatbutton/repeatbutton-overview.html. Consider fixing the slug or use normal link.

Slug: No page with slug `buttons-splitbutton-working-with-radsplitbutton-items`
 in /buttons/splitbutton/splitbutton-overview.html. Consider fixing the slug or use normal link.

Slug: No page with slug `winforms/richtexteditor-/features/styles`
 in /richtexteditor/ui-for-applying-rich-text-formatting/table-styles-gallery.html. Consider fixing the slug or use normal link.

Slug: No page with slug `buttons-togglebutton-handling-radtogglebutton-states`
 in /buttons/togglebutton/togglebutton-overview.html. Consider fixing the slug or use normal link.

Slug: No page with slug `winforms/richtexteditor-/features/styles`
 in /richtexteditor/ui-for-applying-rich-text-formatting/applying-styles.html. Consider fixing the slug or use normal link.

Slug: No page with slug `winforms/richtexteditor-/features/styles`
 in /richtexteditor/ui-for-applying-rich-text-formatting/applying-styles.html. Consider fixing the slug or use normal link.

Slug: No page with slug `buttons-checkbox-handling-radcheckbox-states`
 in /buttons/checkbox/checkbox-overview.html. Consider fixing the slug or use normal link.

Slug: No page with slug `buttons-checkbox-radcheckbox-databinding`
 in /buttons/checkbox/checkbox-overview.html. Consider fixing the slug or use normal link.

Slug: No page with slug `buttons-dropdownbutton-working-with-raddropdownbutton-items`
 in /buttons/dropdownbutton/dropdownbutton-overview.html. Consider fixing the slug or use normal link.

Slug: No page with slug `winforms/richtexteditor-/styles-and-templates`
 in /richtexteditor/getting-started/getting-started.html. Consider fixing the slug or use normal link.

Slug: No page with slug `winforms/richtexteditor-/styles-and-templates`
 in /richtexteditor/overview.html. Consider fixing the slug or use normal link.

Slug: No page with slug `buttons-radiobutton-getting-started`
 in /buttons/radiobutton/radiobutton-overview.html. Consider fixing the slug or use normal link.

Slug: No page with slug `buttons-radiobutton-designing-radradiobutton`
 in /buttons/radiobutton/radiobutton-overview.html. Consider fixing the slug or use normal link.

Slug: No page with slug `buttons-radiobutton-handling-radradiobutton-states`
 in /buttons/radiobutton/radiobutton-overview.html. Consider fixing the slug or use normal link.

Slug: No page with slug `licensing-license-agreement`
 in /installation,-deployment-and-distribution/redistributing-telerik-ui-for-winforms.html. Consider fixing the slug or use normal link.

Slug: No page with slug `buttons-dropdownbutton-working-with-raddropdownbutton-items`
 in /buttons/repeatbutton/repeatbutton-overview.html. Consider fixing the slug or use normal link.

Slug: No page with slug `buttons-splitbutton-working-with-radsplitbutton-items`
 in /buttons/splitbutton/splitbutton-overview.html. Consider fixing the slug or use normal link.

Slug: No page with slug `winforms/richtexteditor-/features/styles`
 in /richtexteditor/ui-for-applying-rich-text-formatting/table-styles-gallery.html. Consider fixing the slug or use normal link.

Slug: No page with slug `buttons-togglebutton-handling-radtogglebutton-states`
 in /buttons/togglebutton/togglebutton-overview.html. Consider fixing the slug or use normal link.

Slug: No page with slug `winforms/richtexteditor-/features/styles`
 in /richtexteditor/ui-for-applying-rich-text-formatting/applying-styles.html. Consider fixing the slug or use normal link.

Slug: No page with slug `winforms/richtexteditor-/features/styles`
 in /richtexteditor/ui-for-applying-rich-text-formatting/applying-styles.html. Consider fixing the slug or use normal link.

Slug: No page with slug `buttons-checkbox-handling-radcheckbox-states`
 in /buttons/checkbox/checkbox-overview.html. Consider fixing the slug or use normal link.

Slug: No page with slug `buttons-checkbox-radcheckbox-databinding`
 in /buttons/checkbox/checkbox-overview.html. Consider fixing the slug or use normal link.

Slug: No page with slug `buttons-dropdownbutton-working-with-raddropdownbutton-items`
 in /buttons/dropdownbutton/dropdownbutton-overview.html. Consider fixing the slug or use normal link.

Slug: No page with slug `winforms/richtexteditor-/styles-and-templates`
 in /richtexteditor/getting-started/getting-started.html. Consider fixing the slug or use normal link.

Slug: No page with slug `winforms/richtexteditor-/styles-and-templates`
 in /richtexteditor/overview.html. Consider fixing the slug or use normal link.

Slug: No page with slug `buttons-radiobutton-getting-started`
 in /buttons/radiobutton/radiobutton-overview.html. Consider fixing the slug or use normal link.

Slug: No page with slug `buttons-radiobutton-designing-radradiobutton`
 in /buttons/radiobutton/radiobutton-overview.html. Consider fixing the slug or use normal link.

Slug: No page with slug `buttons-radiobutton-handling-radradiobutton-states`
 in /buttons/radiobutton/radiobutton-overview.html. Consider fixing the slug or use normal link.

Slug: No page with slug `licensing-license-agreement`
 in /installation,-deployment-and-distribution/redistributing-telerik-ui-for-winforms.html. Consider fixing the slug or use normal link.

Slug: No page with slug `buttons-dropdownbutton-working-with-raddropdownbutton-items`
 in /buttons/repeatbutton/repeatbutton-overview.html. Consider fixing the slug or use normal link.

Slug: No page with slug `buttons-splitbutton-working-with-radsplitbutton-items`
 in /buttons/splitbutton/splitbutton-overview.html. Consider fixing the slug or use normal link.

Slug: No page with slug `winforms/richtexteditor-/features/styles`
 in /richtexteditor/ui-for-applying-rich-text-formatting/table-styles-gallery.html. Consider fixing the slug or use normal link.

Slug: No page with slug `buttons-togglebutton-handling-radtogglebutton-states`
 in /buttons/togglebutton/togglebutton-overview.html. Consider fixing the slug or use normal link.

Slug: No page with slug `winforms/richtexteditor-/features/styles`
 in /richtexteditor/ui-for-applying-rich-text-formatting/applying-styles.html. Consider fixing the slug or use normal link.

Slug: No page with slug `winforms/richtexteditor-/features/styles`
 in /richtexteditor/ui-for-applying-rich-text-formatting/applying-styles.html. Consider fixing the slug or use normal link.

Slug: No page with slug `buttons-checkbox-handling-radcheckbox-states`
 in /buttons/checkbox/checkbox-overview.html. Consider fixing the slug or use normal link.

Slug: No page with slug `buttons-checkbox-radcheckbox-databinding`
 in /buttons/checkbox/checkbox-overview.html. Consider fixing the slug or use normal link.

Slug: No page with slug `buttons-dropdownbutton-working-with-raddropdownbutton-items`
 in /buttons/dropdownbutton/dropdownbutton-overview.html. Consider fixing the slug or use normal link.

Slug: No page with slug `winforms/richtexteditor-/styles-and-templates`
 in /richtexteditor/getting-started/getting-started.html. Consider fixing the slug or use normal link.

Slug: No page with slug `winforms/richtexteditor-/styles-and-templates`
 in /richtexteditor/overview.html. Consider fixing the slug or use normal link.

Slug: No page with slug `buttons-radiobutton-getting-started`
 in /buttons/radiobutton/radiobutton-overview.html. Consider fixing the slug or use normal link.

Slug: No page with slug `buttons-radiobutton-designing-radradiobutton`
 in /buttons/radiobutton/radiobutton-overview.html. Consider fixing the slug or use normal link.

Slug: No page with slug `buttons-radiobutton-handling-radradiobutton-states`
 in /buttons/radiobutton/radiobutton-overview.html. Consider fixing the slug or use normal link.

Slug: No page with slug `licensing-license-agreement`
 in /installation,-deployment-and-distribution/redistributing-telerik-ui-for-winforms.html. Consider fixing the slug or use normal link.

Slug: No page with slug `buttons-dropdownbutton-working-with-raddropdownbutton-items`
 in /buttons/repeatbutton/repeatbutton-overview.html. Consider fixing the slug or use normal link.

Slug: No page with slug `buttons-splitbutton-working-with-radsplitbutton-items`
 in /buttons/splitbutton/splitbutton-overview.html. Consider fixing the slug or use normal link.

Slug: No page with slug `winforms/richtexteditor-/features/styles`
 in /richtexteditor/ui-for-applying-rich-text-formatting/table-styles-gallery.html. Consider fixing the slug or use normal link.

Slug: No page with slug `buttons-togglebutton-handling-radtogglebutton-states`
 in /buttons/togglebutton/togglebutton-overview.html. Consider fixing the slug or use normal link.

Slug: No page with slug `winforms/richtexteditor-/features/styles`
 in /richtexteditor/ui-for-applying-rich-text-formatting/applying-styles.html. Consider fixing the slug or use normal link.

Slug: No page with slug `winforms/richtexteditor-/features/styles`
 in /richtexteditor/ui-for-applying-rich-text-formatting/applying-styles.html. Consider fixing the slug or use normal link.

Slug: No page with slug `buttons-checkbox-handling-radcheckbox-states`
 in /buttons/checkbox/checkbox-overview.html. Consider fixing the slug or use normal link.

Slug: No page with slug `buttons-checkbox-radcheckbox-databinding`
 in /buttons/checkbox/checkbox-overview.html. Consider fixing the slug or use normal link.

Slug: No page with slug `buttons-dropdownbutton-working-with-raddropdownbutton-items`
 in /buttons/dropdownbutton/dropdownbutton-overview.html. Consider fixing the slug or use normal link.

Slug: No page with slug `winforms/richtexteditor-/styles-and-templates`
 in /richtexteditor/getting-started/getting-started.html. Consider fixing the slug or use normal link.

Slug: No page with slug `winforms/richtexteditor-/styles-and-templates`
 in /richtexteditor/overview.html. Consider fixing the slug or use normal link.

Slug: No page with slug `buttons-radiobutton-getting-started`
 in /buttons/radiobutton/radiobutton-overview.html. Consider fixing the slug or use normal link.

Slug: No page with slug `buttons-radiobutton-designing-radradiobutton`
 in /buttons/radiobutton/radiobutton-overview.html. Consider fixing the slug or use normal link.

Slug: No page with slug `buttons-radiobutton-handling-radradiobutton-states`
 in /buttons/radiobutton/radiobutton-overview.html. Consider fixing the slug or use normal link.

Slug: No page with slug `licensing-license-agreement`
 in /installation,-deployment-and-distribution/redistributing-telerik-ui-for-winforms.html. Consider fixing the slug or use normal link.

Slug: No page with slug `buttons-dropdownbutton-working-with-raddropdownbutton-items`
 in /buttons/repeatbutton/repeatbutton-overview.html. Consider fixing the slug or use normal link.

Slug: No page with slug `buttons-splitbutton-working-with-radsplitbutton-items`
 in /buttons/splitbutton/splitbutton-overview.html. Consider fixing the slug or use normal link.

Slug: No page with slug `winforms/richtexteditor-/features/styles`
 in /richtexteditor/ui-for-applying-rich-text-formatting/table-styles-gallery.html. Consider fixing the slug or use normal link.

Slug: No page with slug `buttons-togglebutton-handling-radtogglebutton-states`
 in /buttons/togglebutton/togglebutton-overview.html. Consider fixing the slug or use normal link.

Slug: No page with slug `winforms/richtexteditor-/features/styles`
 in /richtexteditor/ui-for-applying-rich-text-formatting/applying-styles.html. Consider fixing the slug or use normal link.

Slug: No page with slug `winforms/richtexteditor-/features/styles`
 in /richtexteditor/ui-for-applying-rich-text-formatting/applying-styles.html. Consider fixing the slug or use normal link.

Slug: No page with slug `buttons-checkbox-handling-radcheckbox-states`
 in /buttons/checkbox/checkbox-overview.html. Consider fixing the slug or use normal link.

Slug: No page with slug `buttons-checkbox-radcheckbox-databinding`
 in /buttons/checkbox/checkbox-overview.html. Consider fixing the slug or use normal link.

Slug: No page with slug `buttons-dropdownbutton-working-with-raddropdownbutton-items`
 in /buttons/dropdownbutton/dropdownbutton-overview.html. Consider fixing the slug or use normal link.

Slug: No page with slug `winforms/richtexteditor-/styles-and-templates`
 in /richtexteditor/getting-started/getting-started.html. Consider fixing the slug or use normal link.

Slug: No page with slug `winforms/richtexteditor-/styles-and-templates`
 in /richtexteditor/overview.html. Consider fixing the slug or use normal link.

Slug: No page with slug `buttons-radiobutton-getting-started`
 in /buttons/radiobutton/radiobutton-overview.html. Consider fixing the slug or use normal link.

Slug: No page with slug `buttons-radiobutton-designing-radradiobutton`
 in /buttons/radiobutton/radiobutton-overview.html. Consider fixing the slug or use normal link.

Slug: No page with slug `buttons-radiobutton-handling-radradiobutton-states`
 in /buttons/radiobutton/radiobutton-overview.html. Consider fixing the slug or use normal link.

Slug: No page with slug `licensing-license-agreement`
 in /installation,-deployment-and-distribution/redistributing-telerik-ui-for-winforms.html. Consider fixing the slug or use normal link.

Slug: No page with slug `buttons-dropdownbutton-working-with-raddropdownbutton-items`
 in /buttons/repeatbutton/repeatbutton-overview.html. Consider fixing the slug or use normal link.

Slug: No page with slug `buttons-splitbutton-working-with-radsplitbutton-items`
 in /buttons/splitbutton/splitbutton-overview.html. Consider fixing the slug or use normal link.

Slug: No page with slug `winforms/richtexteditor-/features/styles`
 in /richtexteditor/ui-for-applying-rich-text-formatting/table-styles-gallery.html. Consider fixing the slug or use normal link.

Slug: No page with slug `buttons-togglebutton-handling-radtogglebutton-states`
 in /buttons/togglebutton/togglebutton-overview.html. Consider fixing the slug or use normal link.

Slug: No page with slug `winforms/richtexteditor-/features/styles`
 in /richtexteditor/ui-for-applying-rich-text-formatting/applying-styles.html. Consider fixing the slug or use normal link.

Slug: No page with slug `winforms/richtexteditor-/features/styles`
 in /richtexteditor/ui-for-applying-rich-text-formatting/applying-styles.html. Consider fixing the slug or use normal link.

Slug: No page with slug `buttons-checkbox-handling-radcheckbox-states`
 in /buttons/checkbox/checkbox-overview.html. Consider fixing the slug or use normal link.

Slug: No page with slug `buttons-checkbox-radcheckbox-databinding`
 in /buttons/checkbox/checkbox-overview.html. Consider fixing the slug or use normal link.

Slug: No page with slug `buttons-dropdownbutton-working-with-raddropdownbutton-items`
 in /buttons/dropdownbutton/dropdownbutton-overview.html. Consider fixing the slug or use normal link.

Slug: No page with slug `winforms/richtexteditor-/styles-and-templates`
 in /richtexteditor/getting-started/getting-started.html. Consider fixing the slug or use normal link.

Slug: No page with slug `winforms/richtexteditor-/styles-and-templates`
 in /richtexteditor/overview.html. Consider fixing the slug or use normal link.

Slug: No page with slug `buttons-radiobutton-getting-started`
 in /buttons/radiobutton/radiobutton-overview.html. Consider fixing the slug or use normal link.

Slug: No page with slug `buttons-radiobutton-designing-radradiobutton`
 in /buttons/radiobutton/radiobutton-overview.html. Consider fixing the slug or use normal link.

Slug: No page with slug `buttons-radiobutton-handling-radradiobutton-states`
 in /buttons/radiobutton/radiobutton-overview.html. Consider fixing the slug or use normal link.

Slug: No page with slug `licensing-license-agreement`
 in /installation,-deployment-and-distribution/redistributing-telerik-ui-for-winforms.html. Consider fixing the slug or use normal link.

Slug: No page with slug `buttons-dropdownbutton-working-with-raddropdownbutton-items`
 in /buttons/repeatbutton/repeatbutton-overview.html. Consider fixing the slug or use normal link.

Slug: No page with slug `buttons-splitbutton-working-with-radsplitbutton-items`
 in /buttons/splitbutton/splitbutton-overview.html. Consider fixing the slug or use normal link.

Slug: No page with slug `winforms/richtexteditor-/features/styles`
 in /richtexteditor/ui-for-applying-rich-text-formatting/table-styles-gallery.html. Consider fixing the slug or use normal link.

Slug: No page with slug `buttons-togglebutton-handling-radtogglebutton-states`
 in /buttons/togglebutton/togglebutton-overview.html. Consider fixing the slug or use normal link.

Slug: No page with slug `winforms/richtexteditor-/features/styles`
 in /richtexteditor/ui-for-applying-rich-text-formatting/applying-styles.html. Consider fixing the slug or use normal link.

Slug: No page with slug `winforms/richtexteditor-/features/styles`
 in /richtexteditor/ui-for-applying-rich-text-formatting/applying-styles.html. Consider fixing the slug or use normal link.

Slug: No page with slug `buttons-checkbox-handling-radcheckbox-states`
 in /buttons/checkbox/checkbox-overview.html. Consider fixing the slug or use normal link.

Slug: No page with slug `buttons-checkbox-radcheckbox-databinding`
 in /buttons/checkbox/checkbox-overview.html. Consider fixing the slug or use normal link.

Slug: No page with slug `buttons-dropdownbutton-working-with-raddropdownbutton-items`
 in /buttons/dropdownbutton/dropdownbutton-overview.html. Consider fixing the slug or use normal link.

Slug: No page with slug `winforms/richtexteditor-/styles-and-templates`
 in /richtexteditor/getting-started/getting-started.html. Consider fixing the slug or use normal link.

Slug: No page with slug `winforms/richtexteditor-/styles-and-templates`
 in /richtexteditor/overview.html. Consider fixing the slug or use normal link.

Slug: No page with slug `buttons-radiobutton-getting-started`
 in /buttons/radiobutton/radiobutton-overview.html. Consider fixing the slug or use normal link.

Slug: No page with slug `buttons-radiobutton-designing-radradiobutton`
 in /buttons/radiobutton/radiobutton-overview.html. Consider fixing the slug or use normal link.

Slug: No page with slug `buttons-radiobutton-handling-radradiobutton-states`
 in /buttons/radiobutton/radiobutton-overview.html. Consider fixing the slug or use normal link.

Slug: No page with slug `licensing-license-agreement`
 in /installation,-deployment-and-distribution/redistributing-telerik-ui-for-winforms.html. Consider fixing the slug or use normal link.

Slug: No page with slug `buttons-dropdownbutton-working-with-raddropdownbutton-items`
 in /buttons/repeatbutton/repeatbutton-overview.html. Consider fixing the slug or use normal link.

Slug: No page with slug `buttons-splitbutton-working-with-radsplitbutton-items`
 in /buttons/splitbutton/splitbutton-overview.html. Consider fixing the slug or use normal link.

Slug: No page with slug `winforms/richtexteditor-/features/styles`
 in /richtexteditor/ui-for-applying-rich-text-formatting/table-styles-gallery.html. Consider fixing the slug or use normal link.

Slug: No page with slug `buttons-togglebutton-handling-radtogglebutton-states`
 in /buttons/togglebutton/togglebutton-overview.html. Consider fixing the slug or use normal link.

Slug: No page with slug `winforms/richtexteditor-/features/styles`
 in /richtexteditor/ui-for-applying-rich-text-formatting/applying-styles.html. Consider fixing the slug or use normal link.

Slug: No page with slug `winforms/richtexteditor-/features/styles`
 in /richtexteditor/ui-for-applying-rich-text-formatting/applying-styles.html. Consider fixing the slug or use normal link.

Slug: No page with slug `buttons-checkbox-handling-radcheckbox-states`
 in /buttons/checkbox/checkbox-overview.html. Consider fixing the slug or use normal link.

Slug: No page with slug `buttons-checkbox-radcheckbox-databinding`
 in /buttons/checkbox/checkbox-overview.html. Consider fixing the slug or use normal link.

Slug: No page with slug `buttons-dropdownbutton-working-with-raddropdownbutton-items`
 in /buttons/dropdownbutton/dropdownbutton-overview.html. Consider fixing the slug or use normal link.

Slug: No page with slug `winforms/richtexteditor-/styles-and-templates`
 in /richtexteditor/getting-started/getting-started.html. Consider fixing the slug or use normal link.

Slug: No page with slug `winforms/richtexteditor-/styles-and-templates`
 in /richtexteditor/overview.html. Consider fixing the slug or use normal link.

Slug: No page with slug `buttons-radiobutton-getting-started`
 in /buttons/radiobutton/radiobutton-overview.html. Consider fixing the slug or use normal link.

Slug: No page with slug `buttons-radiobutton-designing-radradiobutton`
 in /buttons/radiobutton/radiobutton-overview.html. Consider fixing the slug or use normal link.

Slug: No page with slug `buttons-radiobutton-handling-radradiobutton-states`
 in /buttons/radiobutton/radiobutton-overview.html. Consider fixing the slug or use normal link.

Slug: No page with slug `licensing-license-agreement`
 in /installation,-deployment-and-distribution/redistributing-telerik-ui-for-winforms.html. Consider fixing the slug or use normal link.

Slug: No page with slug `buttons-dropdownbutton-working-with-raddropdownbutton-items`
 in /buttons/repeatbutton/repeatbutton-overview.html. Consider fixing the slug or use normal link.

Slug: No page with slug `buttons-splitbutton-working-with-radsplitbutton-items`
 in /buttons/splitbutton/splitbutton-overview.html. Consider fixing the slug or use normal link.

Slug: No page with slug `winforms/richtexteditor-/features/styles`
 in /richtexteditor/ui-for-applying-rich-text-formatting/table-styles-gallery.html. Consider fixing the slug or use normal link.

Slug: No page with slug `buttons-togglebutton-handling-radtogglebutton-states`
 in /buttons/togglebutton/togglebutton-overview.html. Consider fixing the slug or use normal link.

Slug: No page with slug `winforms/richtexteditor-/features/styles`
 in /richtexteditor/ui-for-applying-rich-text-formatting/applying-styles.html. Consider fixing the slug or use normal link.

Slug: No page with slug `winforms/richtexteditor-/features/styles`
 in /richtexteditor/ui-for-applying-rich-text-formatting/applying-styles.html. Consider fixing the slug or use normal link.

Slug: No page with slug `buttons-checkbox-handling-radcheckbox-states`
 in /buttons/checkbox/checkbox-overview.html. Consider fixing the slug or use normal link.

Slug: No page with slug `buttons-checkbox-radcheckbox-databinding`
 in /buttons/checkbox/checkbox-overview.html. Consider fixing the slug or use normal link.

Slug: No page with slug `buttons-dropdownbutton-working-with-raddropdownbutton-items`
 in /buttons/dropdownbutton/dropdownbutton-overview.html. Consider fixing the slug or use normal link.

Slug: No page with slug `winforms/richtexteditor-/styles-and-templates`
 in /richtexteditor/getting-started/getting-started.html. Consider fixing the slug or use normal link.

Slug: No page with slug `winforms/richtexteditor-/styles-and-templates`
 in /richtexteditor/overview.html. Consider fixing the slug or use normal link.

Slug: No page with slug `buttons-radiobutton-getting-started`
 in /buttons/radiobutton/radiobutton-overview.html. Consider fixing the slug or use normal link.

Slug: No page with slug `buttons-radiobutton-designing-radradiobutton`
 in /buttons/radiobutton/radiobutton-overview.html. Consider fixing the slug or use normal link.

Slug: No page with slug `buttons-radiobutton-handling-radradiobutton-states`
 in /buttons/radiobutton/radiobutton-overview.html. Consider fixing the slug or use normal link.

Slug: No page with slug `licensing-license-agreement`
 in /installation,-deployment-and-distribution/redistributing-telerik-ui-for-winforms.html. Consider fixing the slug or use normal link.

Slug: No page with slug `buttons-dropdownbutton-working-with-raddropdownbutton-items`
 in /buttons/repeatbutton/repeatbutton-overview.html. Consider fixing the slug or use normal link.

Slug: No page with slug `buttons-splitbutton-working-with-radsplitbutton-items`
 in /buttons/splitbutton/splitbutton-overview.html. Consider fixing the slug or use normal link.

Slug: No page with slug `winforms/richtexteditor-/features/styles`
 in /richtexteditor/ui-for-applying-rich-text-formatting/table-styles-gallery.html. Consider fixing the slug or use normal link.

Slug: No page with slug `buttons-togglebutton-handling-radtogglebutton-states`
 in /buttons/togglebutton/togglebutton-overview.html. Consider fixing the slug or use normal link.

